Graphics driver initialization:
Calling libSceGnmDriver.sprx's DT_INIT function at 0x7F01389EE000 (relative=0x0)...
[MainThread] [libSceGnmDriver.sprx+0xC118/libkernel:sceKernelGetCompiledSdkVersion]              sceKernelGetCompiledSdkVersion returning 0x4508001.
[MainThread] [libSceGnmDriver.sprx+0xC138/libkernel:open]                                        _open opened file 0x6 (path=dev/gc, flags=0x2, mode=0x0).
[MainThread] [libSceGnmDriver.sprx+0xC140/libkernel:mmap]                                        mmap_0 expanding allocation size from 0x4000 to 0x10000 bytes.
[MainThread] [libSceGnmDriver.sprx+0xC140/libkernel:mmap]                                        mmap_0 allocated 0x10000 bytes at 0xFE0200000 (addr=0xFE0200000, length=0x4000, prot=W, flags=0x1, fd=0x6, offset=0x0).
[MainThread] [libSceGnmDriver.sprx+0xC148/libkernel:sceKernelSetVirtualRangeName]                mname marked 0x4000 bytes at 0xFE0200000 as SceGnmDingDong.
[MainThread] [libSceGnmDriver.sprx+0xC118/libkernel:sceKernelGetCompiledSdkVersion]              sceKernelGetCompiledSdkVersion returning 0x4508001.
[MainThread] [libSceGnmDriver.sprx+0xC150/libkernel:sceKernelMapNamedSystemFlexibleMemory]       mmap_0 allocated 0x80000 bytes at 0xFE0300000 (addr=0xFE0300000, length=0x80000, prot=RW, flags=0x3000, fd=0xFFFFFFFFFFFFFFFF, offset=0x0).
[MainThread] [libSceGnmDriver.sprx+0xC150/libkernel:sceKernelMapNamedSystemFlexibleMemory]       mname marked 0x80000 bytes at 0xFE0300000 as SceGnmGpuInfo.
[MainThread] [libSceGnmDriver.sprx+0xC150/libkernel:sceKernelMapNamedSystemFlexibleMemory]       sceKernelMapNamedSystemFlexibleMemory stored pointer at 0x7F0133BFFDD0.
[MainThread] [libSceGnmDriver.sprx+0xC158/libkernel:sceKernelSetProcessProperty]                 hi from generic stub :3
[MainThread] [libSceGnmDriver.sprx+0xC148/libkernel:sceKernelSetVirtualRangeName]                mname marked 0x80000 bytes at 0xFE0300000 as SceGnmDumpArea.
[MainThread] [libSceGnmDriver.sprx+0xC170/libkernel:ioctl]                                       ioctl returned vm id.
[MainThread] [libSceLibcInternal.sprx+0x1380C8/libkernel:_write]                                 [write on stdout] **** Base Mode ****
[MainThread] [libSceGnmDriver.sprx+0xC170/libkernel:ioctl]                                       ioctl tried setting ring sizes 0x400000 & 0x400000.
[MainThread] [libSceGnmDriver.sprx+0xC170/libkernel:ioctl]                                       ioctl tried setting mip stats.
[MainThread] [libSceGnmDriver.sprx+0xC120/libkernel:scePthreadMutexInit]                         pthread_mutex_init created mutex at 0x6C0516E0C00.
[MainThread] [libSceGnmDriver.sprx+0xC120/libkernel:scePthreadMutexInit]                         scePthreadMutexInit named mutex SceSubmitDoneGame.
[MainThread] [libSceGnmDriver.sprx+0xC170/libkernel:ioctl]                                       ioctl returned submit done address 0x6C0430C6410.
[MainThread] [libSceGnmDriver.sprx+0xC088/libkernel:sceKernelGetDirectMemorySize]                sceKernelGetDirectMemorySize returned 0x100000000.
[MainThread] [libSceGnmDriver.sprx+0xC090/libkernel:sceKernelAllocateDirectMemory]               mmap_0 allocated 0x10000 bytes at 0xFE0000000 (addr=0xFE0000000, length=0x10000, prot=RW, flags=0x1012, fd=0xFFFFFFFFFFFFFFFF, offset=0x0).
[MainThread] [libSceGnmDriver.sprx+0xC090/libkernel:sceKernelAllocateDirectMemory]               sceKernelAllocateDirectMemory stored pointer at 0x7F01389FE070 (type=SCE_KERNEL_MTYPE_WC_GARLIC, alignment=0x10000).
[MainThread] [libSceGnmDriver.sprx+0xC098/libkernel:sceKernelMapNamedDirectMemory]               sceKernelMapDirectMemory mapped 0x10000 bytes at 0xFE0000000 (addrPtr=0x7F01389FE038, prot=RW, flags=0x0, alignment=0x10000).
[MainThread] [libSceGnmDriver.sprx+0xC098/libkernel:sceKernelMapNamedDirectMemory]               mname marked 0x10000 bytes at 0xFE0000000 as SceGnmDriver.
[MainThread] [libSceGnmDriver.sprx+0xC170/libkernel:ioctl]                                       ioctl returned compute unit mask.
[MainThread] [libSceGnmDriver.sprx+unknown function/0x3BD0]                                      sceKernelMprotect changed protection of 0x10000 bytes at 0xFE0000000 to R.

Main thread setting up graphics and video polling thread:
[MainThread] [Minecraft.Client.sprx+0x9958C8/libkernel:scePthreadMutexInit]                      pthread_mutex_init created mutex at 0x6C0521AE010.
[MainThread] [Minecraft.Client.sprx+0x9958C8/libkernel:scePthreadMutexInit]                      scePthreadMutexInit named mutex 0x6C0521AE010.
[MainThread] [Minecraft.Client.sprx+0x995950/libkernel:sceKernelGetDirectMemorySize]             sceKernelGetDirectMemorySize returned 0x100000000.
[MainThread] [Minecraft.Client.sprx+0x995958/libkernel:sceKernelAllocateDirectMemory]            mmap_0 allocated 0x20000000 bytes at 0xFE0010000 (addr=0xFE0010000, length=0x20000000, prot=RW, flags=0x1012, fd=0xFFFFFFFFFFFFFFFF, offset=0x0).
[MainThread] [Minecraft.Client.sprx+0x995958/libkernel:sceKernelAllocateDirectMemory]            sceKernelAllocateDirectMemory stored pointer at 0x7F0133BFFB98 (type=SCE_KERNEL_MTYPE_WC_GARLIC, alignment=0x10000).
[MainThread] [Minecraft.Client.sprx+0x995960/libkernel:sceKernelMapDirectMemory]                 sceKernelMapDirectMemory mapped 0x20000000 bytes at 0xFE0010000 (addrPtr=0x7F0133BFFB90, prot=RW, flags=0x0, alignment=0x10000).
[MainThread] [Minecraft.Client.sprx+0x995950/libkernel:sceKernelGetDirectMemorySize]             sceKernelGetDirectMemorySize returned 0x100000000.
[MainThread] [Minecraft.Client.sprx+0x995958/libkernel:sceKernelAllocateDirectMemory]            mmap_0 allocated 0x7000000 bytes at 0x1000010000 (addr=0x1000010000, length=0x7000000, prot=RW, flags=0x1012, fd=0xFFFFFFFFFFFFFFFF, offset=0x0).
[MainThread] [Minecraft.Client.sprx+0x995958/libkernel:sceKernelAllocateDirectMemory]            sceKernelAllocateDirectMemory stored pointer at 0x7F0133BFFB88 (type=SCE_KERNEL_MTYPE_WB_ONION, alignment=0x10000).
[MainThread] [Minecraft.Client.sprx+0x995960/libkernel:sceKernelMapDirectMemory]                 sceKernelMapDirectMemory mapped 0x7000000 bytes at 0x1000010000 (addrPtr=0x7F0133BFFB80, prot=RW, flags=0x0, alignment=0x10000).
[MainThread] [libSceVideoOut.sprx+0x18240/libkernel:scePthreadMutexInit]                         pthread_mutex_init created mutex at 0x6C0521AE7F0.
[MainThread] [libSceVideoOut.sprx+0x18240/libkernel:scePthreadMutexInit]                         scePthreadMutexInit named mutex SceVideoOutGlobalMutex.
[MainThread] [libSceVideoOut.sprx+0x18198/libkernel:open]                                        _open opened file 0xD (path=dev/dce, flags=0x2, mode=0x7F0138C6A696).
[MainThread] [libSceVideoOut.sprx+0x18290/libkernel:sysctlbyname]                                hi from generic stub :3
[MainThread] [libSceVideoOut.sprx+0x18260/libkernel:scePthreadMutexattrInit]                     pthread_mutexattr_init created mutex attribute at 0x6C0521AE850.
[MainThread] [libSceVideoOut.sprx+0x18268/libkernel:scePthreadMutexattrSettype]                  pthread_mutexattr_settype set type to Recursive.
[MainThread] [libSceVideoOut.sprx+0x18240/libkernel:scePthreadMutexInit]                         pthread_mutex_init created mutex at 0x6C0521AE880.
[MainThread] [libSceVideoOut.sprx+0x18240/libkernel:scePthreadMutexInit]                         scePthreadMutexInit named mutex SceVideoOutFuncsMutex.
[MainThread] [libSceVideoOut.sprx+0x18258/libkernel:scePthreadMutexattrDestroy]                  pthread_mutexattr_destroy destroyed mutex attribute 0x6C0521AE850.
[MainThread] [libSceVideoOut.sprx+0x18240/libkernel:scePthreadMutexInit]                         pthread_mutex_init created mutex at 0x6C0521AE910.
[MainThread] [libSceVideoOut.sprx+0x18240/libkernel:scePthreadMutexInit]                         scePthreadMutexInit named mutex SceVideoOutSetting.
[MainThread] [libSceVideoOut.sprx+0x181E0/libkernel:sceKernelIsNeoMode]                          hi from generic stub :3
[MainThread] [libSceVideoOut.sprx+0x181D8/libkernel:sceKernelHasNeoMode]                         hi from generic stub :3
[MainThread] [libSceVideoOut.sprx+0x18170/libkernel:getpid]                                      getpid returned process id 1001.
[MainThread] [libSceVideoOut.sprx+0x18378/libkernel:get_authinfo]                                sys_get_authinfo returning auth info for process id 1001 (infoPtr=0x7F0133BFF6E0).
[MainThread] [libSceVideoOut.sprx+0x18170/libkernel:getpid]                                      getpid returned process id 1001.
[MainThread] [libSceVideoOut.sprx+0x181C0/libkernel:sceKernelGetAppInfo]                         sceKernelGetAppInfo returned app info.
[MainThread] [libSceVideoOut.sprx+0x182E8/libkernel:scePthreadCondInit]                          pthread_cond_init created cond at 0x6C0521AE9B0.
[MainThread] [libSceVideoOut.sprx+0x18178/libkernel:ioctl]                                       ioctl sent dce command 0x0 (handle=0x0, param1=0x0, param2=0x0, param3=0x7F0138C73518).
[MainThread] [libSceVideoOut.sprx+0x18178/libkernel:ioctl]                                       ioctl returned attribute buffer size 0x4000.
[MainThread] [libSceVideoOut.sprx+0x18188/libkernel:mmap]                                        mmap_0 expanding allocation size from 0x4000 to 0x10000 bytes.
[MainThread] [libSceVideoOut.sprx+0x18188/libkernel:mmap]                                        mmap_0 allocated 0x10000 bytes at 0x7F0133C17000 (addr=0x0, length=0x4000, prot=RW, flags=0x1, fd=0xD, offset=0x0).
[MainThread] [libSceVideoOut.sprx+0x18178/libkernel:ioctl]                                       ioctl set attribute buffer address to 0x7F0133C170A0.
[MainThread] [libSceVideoOut.sprx+0x181D0/libkernel:sceKernelGetProcessTime]                     sceKernelGetProcessTime returned 0xA0B9A.
[MainThread] [libSceVideoOut.sprx+0x18170/libkernel:getpid]                                      getpid returned process id 1001.
[MainThread] [libSceVideoOut.sprx+0x18378/libkernel:get_authinfo]                                sys_get_authinfo returning auth info for process id 1001 (infoPtr=0x7F0133BFF7A0).
[MainThread] [libSceVideoOut.sprx+0x181E0/libkernel:sceKernelIsNeoMode]                          hi from generic stub :3
[MainThread] [libSceVideoOut.sprx+0x181B8/libkernel:sceKernelCreateEqueue]                       kqueue created equeue 0x2 (name=SceVideoOutServiceEq).
[MainThread] [libSceVideoOut.sprx+0x18208/libkernel:scePthreadAttrInit]                          pthread_attr_init created attribute at 0x6C0521AE9F0.
[MainThread] [libSceVideoOut.sprx+0x18228/libkernel:scePthreadAttrSetstacksize]                  pthread_attr_setstacksize set stack size to 0x4000.
[SceVideoOutServiceThread] Copied 0 bytes of Minecraft.Client.sprx's PT_TLS data from 0x91C040 to 0x6C0521AEA50 (image size 528).
[SceVideoOutServiceThread] Copied 384 bytes of libSceLibcInternal.sprx's PT_TLS data from 0x142900 to 0x6C0521AEC60 (image size 1376).
[SceVideoOutServiceThread] Copied 0 bytes of libSceFios2.sprx's PT_TLS data from 0x64020 to 0x6C0521AF1C0 (image size 64).
[SceVideoOutServiceThread] Copied 0 bytes of libSceUlt.sprx's PT_TLS data from 0x34020 to 0x6C0521AF200 (image size 16).
[SceVideoOutServiceThread] Copied 0 bytes of libSceNet.sprx's PT_TLS data from 0x3C020 to 0x6C0521AF210 (image size 4).
[SceVideoOutServiceThread] Copied 384 bytes of libc.sprx's PT_TLS data from 0x1228E0 to 0x6C0521AF214 (image size 1152).
[SceVideoOutServiceThread] Stack of 0x4000 bytes allocated at 0x7F0133C13000 (top 0x7F0133C17000).
[SceVideoOutServiceThread] TCB allocated at 0x6C0521AF6D0 (TLS at 0x6C0521AEA8C, 3140 bytes).
[MainThread] [libSceVideoOut.sprx+0x18230/libkernel:scePthreadCreate]                            pthread_create_name_np created thread SceVideoOutServiceThread at 0x6C0521AFB20 (libSceVideoOut.sprx at 0x5DF0, arg=0x7F0133BFF8D8).
[MainThread] [libSceVideoOut.sprx+0x18200/libkernel:scePthreadAttrDestroy]                       pthread_attr_destroy destroyed thread attribute 0x6C0521AE9F0.
[MainThread] [libSceVideoOut.sprx+0x18238/libkernel:scePthreadDetach]                            hi from generic stub :3
[MainThread] [libSceVideoOut.sprx+0x182B0/libkernel:kevent]                                      processKeventChange starting v-blank ticker on SceVideoOutServiceEq.
[MainThread] [libSceVideoOut.sprx+0x18170/libkernel:getpid]                                      getpid returned process id 1001.
[MainThread] [libSceVideoOut.sprx+0x181C0/libkernel:sceKernelGetAppInfo]                         sceKernelGetAppInfo returned app info.
[MainThread] [libSceVideoOut.sprx+0x18170/libkernel:getpid]                                      getpid returned process id 1001.
[MainThread] [libSceVideoOut.sprx+0x181C0/libkernel:sceKernelGetAppInfo]                         sceKernelGetAppInfo returned app info.
[MainThread] [libSceVideoOut.sprx+0x181E8/libkernel:sceKernelTitleWorkaroundIsEnabled]           sceKernelTitleWorkaroundIsEnabled returned 0.
[MainThread] [libSceVideoOut.sprx+0x181C8/libkernel:sceKernelGetCompiledSdkVersion]              sceKernelGetCompiledSdkVersion returning 0x4508001.
[MainThread] [libSceVideoOut.sprx+0x181E0/libkernel:sceKernelIsNeoMode]                          hi from generic stub :3

Video polling thread receiving V-Blank events forever in loop:
[SceVideoOutServiceThread] [libSceVideoOut.sprx+0x181F8/libkernel:sceKernelWaitEqueue]           processKeventWait returned event 0x7000000000000 for SceVideoOutServiceEq.
[SceVideoOutServiceThread] [libSceVideoOut.sprx+0x181D0/libkernel:sceKernelGetProcessTime]       sceKernelGetProcessTime returned 0x1C5F0D.
[SceVideoOutServiceThread] [libSceVideoOut.sprx+0x181F8/libkernel:sceKernelWaitEqueue]           processKeventWait waiting on SceVideoOutServiceEq for 0s.
[SceVideoOutServiceThread] [libSceVideoOut.sprx+0x181F8/libkernel:sceKernelWaitEqueue]           processKeventWait returned no event.
[SceVideoOutServiceThread] [libSceVideoOut.sprx+0x181F8/libkernel:sceKernelWaitEqueue]           processKeventWait waiting on SceVideoOutServiceEq for 500ms.

Game creating it's own buffers and queues:
[MainThread] [libSceIpmi.sprx+0xC488/libkernel:ipmimgr_call]                                     ipmimgr_call created ipmi client 0x40000019 (name=SceAvSettingIpc, objPtr=0x6C0521AFFE0).
[MainThread] [libSceIpmi.sprx+0xC488/libkernel:ipmimgr_call]                                     ipmimgr_call connected SceAvSettingIpc to SceAvSettingIpc.
[MainThread] [libSceAvSetting.sprx+0xC1B0/libkernel:shm_open]                                    shm_open opened file 0x11 (path=SceAvSetting, oflag=0x0, mode=0x0).
[MainThread] [libSceAvSetting.sprx+0xC180/libkernel:fstat]                                       fstat returned file stat for 0x11 (size=0x1000).
[MainThread] [libSceAvSetting.sprx+0xC190/libkernel:mmap]                                        mmap_0 expanding allocation size from 0x1000 to 0x10000 bytes.
[MainThread] [libSceAvSetting.sprx+0xC190/libkernel:mmap]                                        mmap_0 allocated 0x10000 bytes at 0x7F013069A000 (addr=0x0, length=0x1000, prot=R, flags=0x1, fd=0x11, offset=0x0).
[MainThread] [libSceAvSetting.sprx+0xC178/libkernel:close]                                       _close closed file 0x11 (path=SceAvSetting).
[MainThread] [libSceAvSetting.sprx+0xC0B8/libkernel:sceKernelOpenEventFlag]                      sceKernelOpenEventFlag opened event flag 0xF (name=SceAvSettingEvf).
[MainThread] [libSceVideoOut.sprx+0x181D8/libkernel:sceKernelHasNeoMode]                         hi from generic stub :3
[MainThread] [libSceVideoOut.sprx+0x181E0/libkernel:sceKernelIsNeoMode]                          hi from generic stub :3
[MainThread] [libSceVideoOut.sprx+0x18178/libkernel:ioctl]                                       ioctl tried registering buffers (commandId=0x0, handle=0x0, index=0x80000000, address=0x78000000001, size=0x43800000780, flags=0xFFFFFFFF00000000).
[MainThread] [libSceVideoOut.sprx+0x181F0/libkernel:sceKernelVirtualQuery]                       hi from generic stub :3
[MainThread] [libSceVideoOut.sprx+0x18178/libkernel:ioctl]                                       ioctl tried requesting connection status (handle=0x0, param1=0x0, param2=0x0, param3=0x0).
[MainThread] [libSceVideoOut.sprx+0x18178/libkernel:ioctl]                                       ioctl tried requesting resolution support (handle=0x0, param1=0x0, param2=0x0, param3=0x0).
[MainThread] [Minecraft.Client.sprx+0x9956C8/libkernel:sceKernelCreateEqueue]                    kqueue created equeue 0x3 (name=FLIP QUEUE).
[MainThread] [libSceVideoOut.sprx+0x182B0/libkernel:kevent]                                      processKeventChange starting v-blank ticker on FLIP QUEUE.
[(4J) 4JScoreboard] [Minecraft.Client.sprx+unknown function/0x195CD8]                            sceKernelUsleep sleeping for 0xC350 microseconds.
[MainThread] [Minecraft.Client.sprx+0x995890/libkernel:scePthreadMutexattrInit]                  pthread_mutexattr_init created mutex attribute at 0x6C0521E9C70.
[MainThread] [Minecraft.Client.sprx+0x995898/libkernel:scePthreadMutexattrSettype]               pthread_mutexattr_settype set type to Recursive.
[MainThread] [Minecraft.Client.sprx+0x9958C8/libkernel:scePthreadMutexInit]                      pthread_mutex_init created mutex at 0x6C0521E9C90.
[MainThread] [Minecraft.Client.sprx+0x9958C8/libkernel:scePthreadMutexInit]                      scePthreadMutexInit named mutex Renderer command buffer.

Occasionally game tries submitting command buffers and flipping, then going to sleep:
[MainThread] [libSceGnmDriver.sprx+0xC170/libkernel:ioctl]                                       ioctl tried submitting command buffers (count=0x0, flags=0x1, buffersPtr=0x7F0133BFF7E0).
[MainThread] [libSceGnmDriver.sprx+0xC170/libkernel:ioctl]                                       [ioctl on dev/gc] requested 0xC0088101 with argument at 0x7F0133BFF848.
[MainThread] [libSceGnmDriver.sprx+0xC0D8/libSceVideoOut:sceVideoOutSubmitEopFlip]               sceVideoOutSubmitEopFlip called with 0x4E110100 (bufId=0x1, mode=0x1, flipArg=0x0).
[MainThread] [libSceGnmDriver.sprx+0xC170/libkernel:ioctl]                                       [ioctl on dev/gc] requested 0xC020810C with argument at 0x7F0133BFF7A0.
[MainThread] [libSceGnmDriver.sprx+0xC170/libkernel:ioctl]                                       [ioctl on dev/gc] requested 0xC0048116 with argument at 0x7F0133BFFBB8.
[MainThread] [Minecraft.Client.sprx+unknown function/0x1ACB6E]                                   sceKernelUsleep sleeping for 0x4E20 microseconds.
